time=2025-12-02T06:32:53.931Z level=INFO msg=odooimport start=150ns
time=2025-12-02T06:32:53.931Z level=INFO msg=decimal.precision func=DecimalPrecision
time=2025-12-02T06:32:55.206Z level=INFO msg=res.currency func=ResCurrency
time=2025-12-02T06:32:55.631Z level=ERROR msg=res.currency mode=create data="map[active:true decimal_places:2 position:before rounding:0.01 symbol:$]" row=-1 err="create failed: request failed with status 422: 422 Unprocessable Entity The operation cannot be completed: Missing required value for the field 'Currency' (name).\nModel: 'Currency' (res.currency)\n- create/update: a mandatory field is not set\n- delete: another model requires the record being deleted, you can archive it instead\n"
time=2025-12-02T06:32:55.720Z level=INFO msg=res.company func=ResCompany
time=2025-12-02T06:32:56.424Z level=INFO msg=uom.uom func=Uomuom
time=2025-12-02T06:32:58.115Z level=INFO msg=res.bank func=ResBank
time=2025-12-02T06:33:00.602Z level=INFO msg=account.account func=AccountAccountCleanup
time=2025-12-02T06:33:15.685Z level=INFO msg=account.account func=AccountAccount
time=2025-12-02T06:33:21.419Z level=ERROR msg=account.account mode=write data="map[account_type:asset_current code:113110 name:HST Receivable Tax (Paid) reconcile:false]" row=97 res=false err="write failed: request failed with status 422: 422 Unprocessable Entity Account codes must be unique. You can't create accounts with these duplicate codes: 113110"
time=2025-12-02T06:33:25.990Z level=ERROR msg=account.account mode=write data="map[account_type:liability_current code:212100 name:GST Payable Tax (Collected) reconcile:false]" row=253 res=false err="write failed: request failed with status 422: 422 Unprocessable Entity Account codes must be unique. You can't create accounts with these duplicate codes: 212100"
time=2025-12-02T06:33:42.545Z level=INFO msg=account.payment.term func=AccountPaymentTermRename
time=2025-12-02T06:33:42.635Z level=INFO msg=account.payment.term func=AccountPaymentTerm
time=2025-12-02T06:33:44.100Z level=INFO msg=account.payment.term.line func=AccountPaymentTermLine
time=2025-12-02T06:33:46.649Z level=INFO msg=res.users func=ResUsers
time=2025-12-02T06:34:11.291Z level=INFO msg=res.users func=ResUsersCreateEmployee
time=2025-12-02T06:34:20.753Z level=INFO msg=hr.department func=HRDepartment
time=2025-12-02T06:34:21.530Z level=INFO msg=hr.job func=HRJob
time=2025-12-02T06:34:24.080Z level=INFO msg=hr.employee func=HREmployee
time=2025-12-02T06:34:53.850Z level=INFO msg=hr.department func=HRDepartment
time=2025-12-02T06:34:55.255Z level=INFO msg=crm.team func=CrmTeam
time=2025-12-02T06:34:56.024Z level=INFO msg=crm.team.member func=CrmTeamMember
time=2025-12-02T06:34:56.289Z level=ERROR msg=crm.team.member func=CrmTeamMember err="no user found for member Chris Freeman"
time=2025-12-02T06:34:56.301Z level=ERROR msg=crm.team.member func=CrmTeamMember err="no user found for member Reynard Burwash"
time=2025-12-02T06:34:56.428Z level=ERROR msg=crm.team.member func=CrmTeamMember err="no user found for member Chris Freeman"
time=2025-12-02T06:34:56.607Z level=ERROR msg=crm.team.member func=CrmTeamMember err="no user found for member Reynard Burwash"
time=2025-12-02T06:34:56.777Z level=ERROR msg=crm.team.member func=CrmTeamMember err="no user found for member Calvin Welty"
time=2025-12-02T06:34:56.873Z level=ERROR msg=crm.team.member func=CrmTeamMember err="no user found for member Calvin Welty"
time=2025-12-02T06:34:56.916Z level=ERROR msg=crm.team.member func=CrmTeamMember err="no user found for member Calvin Welty"
time=2025-12-02T06:34:56.946Z level=INFO msg=product.category func=ProductCategories
time=2025-12-02T06:35:10.469Z level=INFO msg=stock.warehouse func=StockWarehouse
time=2025-12-02T06:35:11.882Z level=INFO msg=stock.location func=StockLocation
time=2025-12-02T06:36:12.577Z level=INFO msg=product.template func=ProductTemplateStockable
time=2025-12-02T06:50:32.548Z level=INFO msg=product.template func=ProductTemplateConsumable
time=2025-12-02T06:51:48.697Z level=INFO msg=product.template func=ProductTemplateService
time=2025-12-02T06:51:50.644Z level=INFO msg=product.pricelist func=ProductPricelist
time=2025-12-02T06:51:51.920Z level=INFO msg=product.pricelist.item func=ProductPricelistItem
time=2025-12-02T06:51:55.155Z level=ERROR msg=product.pricelist.item func=ProductPricelistItem err="product not found: [MTO] F:STUD.B7.2.45.4.5TPI"
time=2025-12-02T06:52:27.589Z level=ERROR msg=product.pricelist.item mode=create data="map[applied_on:1_product base:pricelist base_pricelist_id:10 compute_price:formula currency_id:3 display_applied_on:1_product min_quantity:0 name:All Products price_discount:-28 price_max_margin:0 price_min_margin:0 price_round:0 price_surcharge:0 pricelist_id:28]" row=-1 err="create failed: request failed with status 422: 422 Unprocessable Entity Please specify the product for which this rule should be applied"
time=2025-12-02T06:52:27.628Z level=ERROR msg=product.pricelist.item mode=create data="map[applied_on:1_product base:standard_price compute_price:formula currency_id:125 display_applied_on:1_product min_quantity:0 name:All Products price_discount:0 price_max_margin:0 price_min_margin:0 price_round:0 price_surcharge:0 pricelist_id:29]" row=-1 err="create failed: request failed with status 422: 422 Unprocessable Entity Please specify the product for which this rule should be applied"
time=2025-12-02T06:52:27.666Z level=ERROR msg=product.pricelist.item mode=create data="map[applied_on:1_product base:standard_price compute_price:formula currency_id:3 display_applied_on:1_product min_quantity:0 name:All Products price_discount:0 price_max_margin:0 price_min_margin:0 price_round:0 price_surcharge:0 pricelist_id:33]" row=-1 err="create failed: request failed with status 422: 422 Unprocessable Entity Please specify the product for which this rule should be applied"
time=2025-12-02T06:52:27.667Z level=INFO msg=res.partner func=ResPartner
time=2025-12-02T06:55:07.554Z level=ERROR msg=res.partner mode=create data="map[city:Claresholm comment: company_type:company country_id:38 credit_limit:550000 email: image_1920:false l10n_ca_pst: name:Claresholm Centre for Mental Health and Addiction phone: picking_warn_msg: property_account_position_id:3 property_payment_term_id:5 property_product_pricelist:2 property_purchase_currency_id:3 property_supplier_payment_term_id:4 purchase_warn_msg: ref: sale_warn_msg: state_id:533 street:139 43 Ave W street2: type:default vat: website: zip:T0L 0T0]" row=-1 err="create failed: request failed with status 500: 500 Internal Server Error Wrong value for res.partner.type: 'default'"
time=2025-12-02T07:49:22.415Z level=INFO msg=product.supplierinfo func=ProductSupplierinfo
time=2025-12-02T08:10:26.800Z level=INFO msg=mrp.workcenter.tag func=MRPWorkcenterTag
time=2025-12-02T08:10:27.111Z level=INFO msg=mrp.workcenter func=MRPWorkcenter
time=2025-12-02T08:10:33.422Z level=INFO msg=mrp.bom func=MRPBom
time=2025-12-02T08:31:41.398Z level=INFO msg=mrp.routing.workcenter func=MRPRoutingWorkcenter
time=2025-12-02T09:35:48.450Z level=INFO msg=mrp.bom.line func=MRPBomLine
time=2025-12-02T09:35:49.824Z level=INFO msg=ncr.category func=NCRCategory
time=2025-12-02T09:36:21.126Z level=INFO msg=mtr.template func=MtrTemplate
time=2025-12-02T09:42:28.074Z level=INFO msg=odooimport end=3h9m34.142733606s
