time=2025-12-03T17:48:53.712Z level=INFO msg=odooimport start=60ns
time=2025-12-03T17:48:53.712Z level=INFO msg=decimal.precision func=DecimalPrecision
time=2025-12-03T17:48:54.851Z level=INFO msg=res.currency func=ResCurrency
time=2025-12-03T17:48:55.422Z level=ERROR msg=res.currency mode=create data="map[active:true decimal_places:2 position:before rounding:0.01 symbol:$]" row=-1 err="create failed: request failed with status 422: 422 Unprocessable Entity The operation cannot be completed: Missing required value for the field 'Currency' (name).\nModel: 'Currency' (res.currency)\n- create/update: a mandatory field is not set\n- delete: another model requires the record being deleted, you can archive it instead\n"
time=2025-12-03T17:48:55.510Z level=INFO msg=res.company func=ResCompany
time=2025-12-03T17:48:56.125Z level=INFO msg=uom.uom func=Uomuom
time=2025-12-03T17:48:57.761Z level=INFO msg=res.bank func=ResBank
time=2025-12-03T17:49:00.175Z level=INFO msg=account.account func=AccountAccountCleanup
time=2025-12-03T17:49:15.511Z level=INFO msg=account.account func=AccountAccountNewAccounts
time=2025-12-03T17:49:15.658Z level=INFO msg=account.account func=AccountAccountRename
time=2025-12-03T17:49:16.011Z level=INFO msg=account.account func=AccountAccount
time=2025-12-03T17:49:42.346Z level=INFO msg=account.journal func=AccountJournal
time=2025-12-03T17:49:42.346Z level=INFO msg=account.journal func=AccountJournalRename
time=2025-12-03T17:49:43.624Z level=ERROR msg=account.journal mode=create data="map[active:true code:OPEN default_account_id:538 name:Fiscal Opening Entry Journal type:situation]" row=-1 err="create failed: request failed with status 500: 500 Internal Server Error Wrong value for account.journal.type: 'situation'"
time=2025-12-03T17:49:44.432Z level=INFO msg=account.payment.term func=AccountPaymentTermRename
time=2025-12-03T17:49:44.524Z level=INFO msg=account.payment.term func=AccountPaymentTerm
time=2025-12-03T17:49:46.122Z level=INFO msg=res.users func=ResUsers
time=2025-12-03T17:50:09.902Z level=INFO msg=res.users func=ResUsersCreateEmployee
time=2025-12-03T17:50:19.099Z level=INFO msg=hr.department func=HRDepartment
time=2025-12-03T17:50:19.804Z level=INFO msg=hr.job func=HRJob
time=2025-12-03T17:50:22.267Z level=INFO msg=hr.employee func=HREmployee
time=2025-12-03T17:50:51.484Z level=INFO msg=hr.department func=HRDepartment
time=2025-12-03T17:50:52.759Z level=INFO msg=crm.team func=CrmTeam
time=2025-12-03T17:50:53.613Z level=INFO msg=crm.team.member func=CrmTeamMember
time=2025-12-03T17:50:54.021Z level=INFO msg=product.category func=ProductCategories
time=2025-12-03T17:51:07.125Z level=INFO msg=stock.warehouse func=StockWarehouse
time=2025-12-03T17:51:08.563Z level=INFO msg=stock.location func=StockLocation
time=2025-12-03T17:52:09.018Z level=INFO msg=product.template func=ProductTemplateStockable
time=2025-12-03T18:06:25.014Z level=INFO msg=product.template func=ProductTemplateConsumable
time=2025-12-03T18:07:42.262Z level=INFO msg=product.template func=ProductTemplateService
time=2025-12-03T18:07:44.220Z level=INFO msg=product.pricelist func=ProductPricelist
time=2025-12-03T18:07:45.475Z level=INFO msg=product.pricelist.item func=ProductPricelistItem
time=2025-12-03T18:07:48.660Z level=ERROR msg=product.pricelist.item func=ProductPricelistItem err="product not found: [MTO] F:STUD.B7.2.45.4.5TPI"
time=2025-12-03T18:08:21.240Z level=ERROR msg=product.pricelist.item mode=create data="map[applied_on:1_product base:pricelist base_pricelist_id:10 compute_price:formula currency_id:3 display_applied_on:1_product min_quantity:0 name:All Products price_discount:-28 price_max_margin:0 price_min_margin:0 price_round:0 price_surcharge:0 pricelist_id:28]" row=-1 err="create failed: request failed with status 422: 422 Unprocessable Entity Please specify the product for which this rule should be applied"
time=2025-12-03T18:08:21.279Z level=ERROR msg=product.pricelist.item mode=create data="map[applied_on:1_product base:standard_price compute_price:formula currency_id:125 display_applied_on:1_product min_quantity:0 name:All Products price_discount:0 price_max_margin:0 price_min_margin:0 price_round:0 price_surcharge:0 pricelist_id:29]" row=-1 err="create failed: request failed with status 422: 422 Unprocessable Entity Please specify the product for which this rule should be applied"
time=2025-12-03T18:08:21.321Z level=ERROR msg=product.pricelist.item mode=create data="map[applied_on:1_product base:standard_price compute_price:formula currency_id:3 display_applied_on:1_product min_quantity:0 name:All Products price_discount:0 price_max_margin:0 price_min_margin:0 price_round:0 price_surcharge:0 pricelist_id:33]" row=-1 err="create failed: request failed with status 422: 422 Unprocessable Entity Please specify the product for which this rule should be applied"
time=2025-12-03T18:08:21.321Z level=INFO msg=res.partner func=ResPartner
time=2025-12-03T18:10:59.800Z level=ERROR msg=res.partner mode=create data="map[city:Claresholm comment: company_type:company country_id:38 credit_limit:550000 email: image_1920:false l10n_ca_pst: name:Claresholm Centre for Mental Health and Addiction phone: picking_warn_msg: property_account_position_id:3 property_payment_term_id:5 property_product_pricelist:2 property_purchase_currency_id:3 property_supplier_payment_term_id:4 purchase_warn_msg: ref: sale_warn_msg: state_id:533 street:139 43 Ave W street2: type:default vat: website: zip:T0L 0T0]" row=-1 err="create failed: request failed with status 500: 500 Internal Server Error Wrong value for res.partner.type: 'default'"
time=2025-12-03T19:04:57.946Z level=INFO msg=product.supplierinfo func=ProductSupplierinfo
time=2025-12-03T19:08:27.838Z level=ERROR msg=product.supplierinfo func=ProductSupplierinfo err="vendor not found" vendor="HERCULES BULLDOG SEALING INC (EFT) , SHIP: HERCULES BULLDOG SEALING INC"
time=2025-12-03T19:08:34.726Z level=ERROR msg=product.supplierinfo func=ProductSupplierinfo err="vendor not found" vendor="HERCULES BULLDOG SEALING INC (EFT) , SHIP: HERCULES BULLDOG SEALING INC"
time=2025-12-03T19:14:46.701Z level=ERROR msg=product.supplierinfo func=ProductSupplierinfo err="uom not found" uom=YD
time=2025-12-03T19:15:37.598Z level=ERROR msg=product.supplierinfo func=ProductSupplierinfo err="uom not found" uom=YD
time=2025-12-03T19:18:51.303Z level=ERROR msg=product.supplierinfo func=ProductSupplierinfo err="uom not found" uom=YD
time=2025-12-03T19:25:50.981Z level=INFO msg=mrp.workcenter.tag func=MRPWorkcenterTag
time=2025-12-03T19:25:51.289Z level=INFO msg=mrp.workcenter func=MRPWorkcenter
time=2025-12-03T19:25:57.784Z level=INFO msg=mrp.bom func=MRPBom
time=2025-12-03T19:47:00.271Z level=INFO msg=mrp.routing.workcenter func=MRPRoutingWorkcenter
time=2025-12-03T20:50:49.824Z level=INFO msg=mrp.bom.line func=MRPBomLine
time=2025-12-03T20:50:50.597Z level=INFO msg=ncr.category func=NCRCategory
time=2025-12-03T20:51:00.982Z level=INFO msg=ncr.claim func=NCRClaim
time=2025-12-03T20:52:14.019Z level=ERROR msg=ncr.claim mode=create data="map[category_department_id:7 category_issue_id:-1 category_section_id:28 category_source_id:2 classification:find corrective_actions_notes:PASSED ALONG INFORMATION TO GERALD TO ADRESS WITH THE PACKING TEAM.  cost_impact:low date:2025-11-13 22:20:28 issue_type:opp_imp name:NCR.02163 non_conformance_notes:BOXES BANDED TO SKID - BANDING WAS NOT TIGHT ENOUGH, ALMOST CAUSED BOXES TO FALL OFF SKID THAT WAS ON THE BACK OF A FALT DECK \n\nSale Order: SO.471621\nPurchase Order:  resolution_lead_time:same_day resolved_by:51 responsible_id:95 root_cause_analysis_notes:BANDING WAS NOT TIGHT ENOUGH  severity:minor state:closed]" row=-1 err="create failed: request failed with status 422: 422 Unprocessable Entity The operation cannot be completed: Another model is using the record you are trying to delete.\n\nThe troublemaker is: 'Non-Conformance Report' (ncr.claim)\nThanks to the following constraint: 'Issue' (category_issue_id)\nHow about archiving the record instead?"
time=2025-12-03T20:52:18.736Z level=INFO msg=ncr.product_line func=NCRProductLine
time=2025-12-03T20:56:11.241Z level=ERROR msg=ncr.product.line mode=create data="map[currency_id:3 ncr_claim_id:-1 product_cost:71.87 product_id:25829 product_line_desc:SHT.750P.18.66\nSHEET, HT 750 PREMIUM, 60\" X 60\", 1/8\"  product_qty:5 product_subtotal:359.35]" row=-1 err="create failed: request failed with status 422: 422 Unprocessable Entity The operation cannot be completed: Another model is using the record you are trying to delete.\n\nThe troublemaker is: 'NCR Product Line' (ncr.product.line)\nThanks to the following constraint: 'NCR' (ncr_claim_id)\nHow about archiving the record instead?"
time=2025-12-03T20:56:24.421Z level=INFO msg=mtr.template func=MtrTemplate
time=2025-12-03T21:04:32.537Z level=INFO msg=odooimport end=3h15m38.824450054s
